INFO:root:              precision    recall  f1-score   support

   非常不满-服务敏感       0.97      1.00      0.99       100
   非常不满-费用敏感       0.96      0.89      0.92       100
   非常不满-渠道敏感       1.00      0.97      0.98       100
   一般不满               0.98      0.83      0.90       100
   比较不满               0.78      0.95      0.86       100

    accuracy                             0.93       500
   macro avg         0.94      0.93      0.93       500
weighted avg         0.94      0.93      0.93       500

INFO:root:共计500个样本,单个样本预测耗时10.029033303260803s
INFO:root:              precision    recall  f1-score   support

   非常不满-服务敏感       0.97      1.00      0.99       100
   非常不满-费用敏感       0.96      0.89      0.92       100
   非常不满-渠道敏感       1.00      0.97      0.98       100
   一般不满               0.98      0.83      0.90       100
   比较不满               0.78      0.95      0.86       100

    accuracy                             0.93       500
   macro avg         0.94      0.93      0.93       500
weighted avg         0.94      0.93      0.93       500

INFO:root:共计500个样本,单个样本预测耗时9.644925594329834s
